2025-03-06 14:30:30,430 - moneycontrol_crawler - ERROR - Error setting up Chrome WebDriver: [Errno 8] Exec format error: '/Users/sriharshachigurupati/.wdm/drivers/chromedriver/mac64/134.0.6998.35/chromedriver-mac-x64/THIRD_PARTY_NOTICES.chromedriver'
2025-03-06 14:32:51,710 - moneycontrol_crawler - INFO - Chrome WebDriver setup successful
2025-03-06 14:32:53,301 - moneycontrol_crawler - INFO - Fetching data from URL: https://www.moneycontrol.com/mutual-funds/nav/quant-small-cap-fund-direct-plan-growth/MES056
2025-03-06 14:33:03,822 - moneycontrol_crawler - ERROR - Error crawling MoneyControl: Message: 
Stacktrace:
0   chromedriver                        0x0000000104fab922 chromedriver + 5843234
1   chromedriver                        0x0000000104fa35ea chromedriver + 5809642
2   chromedriver                        0x0000000104a7fdfe chromedriver + 421374
3   chromedriver                        0x0000000104ad3b69 chromedriver + 764777
4   chromedriver                        0x0000000104ad3f51 chromedriver + 765777
5   chromedriver                        0x0000000104b23664 chromedriver + 1091172
6   chromedriver                        0x0000000104afac0d chromedriver + 924685
7   chromedriver                        0x0000000104b2063a chromedriver + 1078842
8   chromedriver                        0x0000000104afa9b3 chromedriver + 924083
9   chromedriver                        0x0000000104ac4ec3 chromedriver + 704195
10  chromedriver                        0x0000000104ac5da1 chromedriver + 708001
11  chromedriver                        0x0000000104f73d40 chromedriver + 5614912
12  chromedriver                        0x0000000104f76773 chromedriver + 5625715
13  chromedriver                        0x0000000104f762eb chromedriver + 5624555
14  chromedriver                        0x0000000104f76bd5 chromedriver + 5626837
15  chromedriver                        0x0000000104f58cef chromedriver + 5504239
16  chromedriver                        0x0000000104f76ebc chromedriver + 5627580
17  chromedriver                        0x0000000104f498f4 chromedriver + 5441780
18  chromedriver                        0x0000000104f934f8 chromedriver + 5743864
19  chromedriver                        0x0000000104f936be chromedriver + 5744318
20  chromedriver                        0x0000000104fa31b8 chromedriver + 5808568
21  libsystem_pthread.dylib             0x00007ff819aa3253 _pthread_start + 99
22  libsystem_pthread.dylib             0x00007ff819a9ebef thread_start + 15

2025-03-06 14:41:14,114 - moneycontrol_crawler - ERROR - Error fetching with BeautifulSoup: Cannot connect to host www.moneycontrol.com:443 ssl:True [SSLCertVerificationError: (1, '[SSL: CERTIFICATE_VERIFY_FAILED] certificate verify failed: unable to get local issuer certificate (_ssl.c:1028)')]
2025-03-06 14:41:14,115 - moneycontrol_crawler - INFO - Falling back to Scrapy
2025-03-06 14:41:14,163 - moneycontrol_crawler - ERROR - Error using Scrapy: The crawler_or_spidercls argument cannot be a spider object, it must be a spider class (or a Crawler object)
2025-03-06 14:43:02,679 - moneycontrol_crawler - WARNING - Main container not found in HTML
2025-03-06 14:43:02,679 - moneycontrol_crawler - INFO - Falling back to Scrapy
2025-03-06 14:43:03,650 - moneycontrol_crawler - WARNING - No stocks found using Scrapy
2025-03-06 14:43:15,738 - moneycontrol_crawler - ERROR - Error fetching with BeautifulSoup: Event loop is closed
2025-03-06 14:43:15,738 - moneycontrol_crawler - INFO - Falling back to Scrapy
2025-03-06 14:43:15,750 - moneycontrol_crawler - ERROR - Error using Scrapy: 
2025-03-06 14:45:06,159 - moneycontrol_crawler - WARNING - Main container not found in HTML
2025-03-06 14:45:06,160 - moneycontrol_crawler - INFO - Falling back to Scrapy
2025-03-06 14:45:07,367 - moneycontrol_crawler - WARNING - No stocks found using Scrapy
2025-03-06 14:47:53,085 - moneycontrol_crawler - WARNING - Main container not found in HTML
2025-03-06 14:47:53,086 - moneycontrol_crawler - INFO - Falling back to Scrapy
2025-03-06 14:47:53,905 - moneycontrol_crawler - WARNING - No stocks found using Scrapy
